[watermill] 2024/09/15 17:17:03.459721 router.go:268: 	level=INFO  msg="Adding handler" handler_name=UpdateGame topic=mahjongStruct.GameUpdated 
[watermill] 2024/09/15 17:17:03.459891 router.go:268: 	level=INFO  msg="Adding handler" handler_name=fanout-mahjongStruct.GameStateUpdated topic=mahjongStruct.GameStateUpdated 
[watermill] 2024/09/15 17:17:03.459941 router.go:402: 	level=INFO  msg="Running router handlers" count=1 
[watermill] 2024/09/15 17:17:03.459982 router.go:402: 	level=INFO  msg="Running router handlers" count=1 
[watermill] 2024/09/15 17:17:03.460055 schema.go:28: 	level=INFO  msg="Initializing subscriber schema" query="[CREATE TABLE IF NOT EXISTS `watermill_mahjongStruct.GameUpdated` (
`offset` BIGINT NOT NULL AUTO_INCREMENT PRIMARY KEY,
`uuid` VARCHAR(36) NOT NULL,
`created_at` TIMESTAMP NOT NULL DEFAULT CURRENT_TIMESTAMP,
`payload` JSON DEFAULT NULL,
`metadata` JSON DEFAULT NULL
);  
				CREATE TABLE IF NOT EXISTS `watermill_offsets_mahjongStruct.GameUpdated` (
				consumer_group VARCHAR(255) NOT NULL,
				offset_acked BIGINT,
				offset_consumed BIGINT NOT NULL,
				PRIMARY KEY(consumer_group)
			) ]" subscriber_id=01J7TFHB33F6Y3D7TCX5MV0EEN 
[watermill] 2024/09/15 17:17:03.460063 schema.go:28: 	level=INFO  msg="Initializing subscriber schema" query="[CREATE TABLE IF NOT EXISTS `watermill_mahjongStruct.GameStateUpdated` (
`offset` BIGINT NOT NULL AUTO_INCREMENT PRIMARY KEY,
`uuid` VARCHAR(36) NOT NULL,
`created_at` TIMESTAMP NOT NULL DEFAULT CURRENT_TIMESTAMP,
`payload` JSON DEFAULT NULL,
`metadata` JSON DEFAULT NULL
);  
				CREATE TABLE IF NOT EXISTS `watermill_offsets_mahjongStruct.GameStateUpdated` (
				consumer_group VARCHAR(255) NOT NULL,
				offset_acked BIGINT,
				offset_consumed BIGINT NOT NULL,
				PRIMARY KEY(consumer_group)
			) ]" subscriber_id=01J7TFHB335TM7JB0P4FQ9JA3P 
[watermill] 2024/09/15 17:17:03.507465 router.go:606: 	level=INFO  msg="Starting handler" subscriber_name=fanout-mahjongStruct.GameStateUpdated topic=mahjongStruct.GameStateUpdated 
[watermill] 2024/09/15 17:17:03.507503 router.go:606: 	level=INFO  msg="Starting handler" subscriber_name=UpdateGame topic=mahjongStruct.GameUpdated 
time="2024-09-15T17:17:07+08:00" level=info msg="sending InitStreamResponse"
[watermill] 2024/09/15 17:18:34.359326 router.go:268: 	level=INFO  msg="Adding handler" handler_name=UpdateGame topic=mahjongStruct.GameUpdated 
[watermill] 2024/09/15 17:18:34.359514 router.go:268: 	level=INFO  msg="Adding handler" handler_name=fanout-mahjongStruct.GameStateUpdated topic=mahjongStruct.GameStateUpdated 
[watermill] 2024/09/15 17:18:34.359547 router.go:402: 	level=INFO  msg="Running router handlers" count=1 
[watermill] 2024/09/15 17:18:34.359639 router.go:402: 	level=INFO  msg="Running router handlers" count=1 
[watermill] 2024/09/15 17:18:34.359707 schema.go:28: 	level=INFO  msg="Initializing subscriber schema" query="[CREATE TABLE IF NOT EXISTS `watermill_mahjongStruct.GameStateUpdated` (
`offset` BIGINT NOT NULL AUTO_INCREMENT PRIMARY KEY,
`uuid` VARCHAR(36) NOT NULL,
`created_at` TIMESTAMP NOT NULL DEFAULT CURRENT_TIMESTAMP,
`payload` JSON DEFAULT NULL,
`metadata` JSON DEFAULT NULL
);  
				CREATE TABLE IF NOT EXISTS `watermill_offsets_mahjongStruct.GameStateUpdated` (
				consumer_group VARCHAR(255) NOT NULL,
				offset_acked BIGINT,
				offset_consumed BIGINT NOT NULL,
				PRIMARY KEY(consumer_group)
			) ]" subscriber_id=01J7TFM3VQYNTXSXXFTTNZAM3T 
[watermill] 2024/09/15 17:18:34.359641 schema.go:28: 	level=INFO  msg="Initializing subscriber schema" query="[CREATE TABLE IF NOT EXISTS `watermill_mahjongStruct.GameUpdated` (
`offset` BIGINT NOT NULL AUTO_INCREMENT PRIMARY KEY,
`uuid` VARCHAR(36) NOT NULL,
`created_at` TIMESTAMP NOT NULL DEFAULT CURRENT_TIMESTAMP,
`payload` JSON DEFAULT NULL,
`metadata` JSON DEFAULT NULL
);  
				CREATE TABLE IF NOT EXISTS `watermill_offsets_mahjongStruct.GameUpdated` (
				consumer_group VARCHAR(255) NOT NULL,
				offset_acked BIGINT,
				offset_consumed BIGINT NOT NULL,
				PRIMARY KEY(consumer_group)
			) ]" subscriber_id=01J7TFM3VQWSJ34XEVFH6AH0YY 
[watermill] 2024/09/15 17:18:34.432273 router.go:606: 	level=INFO  msg="Starting handler" subscriber_name=fanout-mahjongStruct.GameStateUpdated topic=mahjongStruct.GameStateUpdated 
[watermill] 2024/09/15 17:18:34.432330 router.go:606: 	level=INFO  msg="Starting handler" subscriber_name=UpdateGame topic=mahjongStruct.GameUpdated 
time="2024-09-15T17:18:38+08:00" level=info msg="sending InitStreamResponse"
[watermill] 2024/09/15 17:20:41.818368 router.go:268: 	level=INFO  msg="Adding handler" handler_name=UpdateGame topic=mahjongStruct.GameUpdated 
[watermill] 2024/09/15 17:20:41.818515 router.go:268: 	level=INFO  msg="Adding handler" handler_name=fanout-mahjongStruct.GameStateUpdated topic=mahjongStruct.GameStateUpdated 
[watermill] 2024/09/15 17:20:41.818581 router.go:402: 	level=INFO  msg="Running router handlers" count=1 
[watermill] 2024/09/15 17:21:57.953684 router.go:268: 	level=INFO  msg="Adding handler" handler_name=UpdateGame topic=mahjongStruct.GameUpdated 
[watermill] 2024/09/15 17:21:57.953851 router.go:268: 	level=INFO  msg="Adding handler" handler_name=fanout-mahjongStruct.GameStateUpdated topic=mahjongStruct.GameStateUpdated 
[watermill] 2024/09/15 17:21:57.953885 router.go:402: 	level=INFO  msg="Running router handlers" count=1 
[watermill] 2024/09/15 17:21:57.953934 router.go:402: 	level=INFO  msg="Running router handlers" count=1 
[watermill] 2024/09/15 17:22:25.452483 router.go:268: 	level=INFO  msg="Adding handler" handler_name=UpdateGame topic=mahjongStruct.GameUpdated 
[watermill] 2024/09/15 17:22:25.452656 router.go:268: 	level=INFO  msg="Adding handler" handler_name=fanout-mahjongStruct.GameStateUpdated topic=mahjongStruct.GameStateUpdated 
[watermill] 2024/09/15 17:22:25.452696 router.go:402: 	level=INFO  msg="Running router handlers" count=1 
[watermill] 2024/09/15 17:22:25.452727 router.go:402: 	level=INFO  msg="Running router handlers" count=1 
[watermill] 2024/09/15 17:29:21.144976 router.go:268: 	level=INFO  msg="Adding handler" handler_name=UpdateGame topic=mahjongStruct.GameUpdated 
[watermill] 2024/09/15 17:29:21.145130 router.go:268: 	level=INFO  msg="Adding handler" handler_name=fanout-mahjongStruct.GameStateUpdated topic=mahjongStruct.GameStateUpdated 
[watermill] 2024/09/15 17:29:21.145184 router.go:402: 	level=INFO  msg="Running router handlers" count=1 
[watermill] 2024/09/15 17:29:21.145209 router.go:402: 	level=INFO  msg="Running router handlers" count=1 
[watermill] 2024/09/15 17:38:46.239786 router.go:268: 	level=INFO  msg="Adding handler" handler_name=UpdateGame topic=mahjongStruct.GameUpdated 
[watermill] 2024/09/15 17:38:46.240022 router.go:268: 	level=INFO  msg="Adding handler" handler_name=fanout-mahjongStruct.GameStateUpdated topic=mahjongStruct.GameStateUpdated 
[watermill] 2024/09/15 17:38:46.240075 router.go:402: 	level=INFO  msg="Running router handlers" count=1 
[watermill] 2024/09/15 17:38:46.240168 router.go:402: 	level=INFO  msg="Running router handlers" count=1 
[watermill] 2024/09/15 17:38:51.628846 router.go:268: 	level=INFO  msg="Adding handler" handler_name=UpdateGame topic=mahjongStruct.GameUpdated 
[watermill] 2024/09/15 17:38:51.630054 router.go:268: 	level=INFO  msg="Adding handler" handler_name=fanout-mahjongStruct.GameStateUpdated topic=mahjongStruct.GameStateUpdated 
[watermill] 2024/09/15 17:38:51.630259 router.go:402: 	level=INFO  msg="Running router handlers" count=1 
[watermill] 2024/09/15 17:38:51.630513 router.go:402: 	level=INFO  msg="Running router handlers" count=1 
[watermill] 2024/09/15 17:39:26.096081 router.go:268: 	level=INFO  msg="Adding handler" handler_name=UpdateGame topic=mahjongStruct.GameUpdated 
[watermill] 2024/09/15 17:39:26.096219 router.go:268: 	level=INFO  msg="Adding handler" handler_name=fanout-mahjongStruct.GameStateUpdated topic=mahjongStruct.GameStateUpdated 
[watermill] 2024/09/15 17:39:26.096264 router.go:402: 	level=INFO  msg="Running router handlers" count=1 
[watermill] 2024/09/15 17:39:26.096299 router.go:402: 	level=INFO  msg="Running router handlers" count=1 
[watermill] 2024/09/15 17:42:44.340071 router.go:268: 	level=INFO  msg="Adding handler" handler_name=UpdateGame topic=mahjongStruct.GameUpdated 
[watermill] 2024/09/15 17:42:44.340296 router.go:268: 	level=INFO  msg="Adding handler" handler_name=fanout-mahjongStruct.GameStateUpdated topic=mahjongStruct.GameStateUpdated 
[watermill] 2024/09/15 17:42:44.340347 router.go:402: 	level=INFO  msg="Running router handlers" count=1 
[watermill] 2024/09/15 17:42:45.305110 router.go:268: 	level=INFO  msg="Adding handler" handler_name=UpdateGame topic=mahjongStruct.GameUpdated 
[watermill] 2024/09/15 17:42:45.305530 router.go:268: 	level=INFO  msg="Adding handler" handler_name=fanout-mahjongStruct.GameStateUpdated topic=mahjongStruct.GameStateUpdated 
[watermill] 2024/09/15 17:42:45.305613 router.go:402: 	level=INFO  msg="Running router handlers" count=1 
[watermill] 2024/09/15 17:42:45.305718 router.go:402: 	level=INFO  msg="Running router handlers" count=1 
[watermill] 2024/09/15 17:50:12.731858 router.go:268: 	level=INFO  msg="Adding handler" handler_name=UpdateGame topic=mahjongStruct.GameUpdated 
[watermill] 2024/09/15 17:50:12.732307 router.go:268: 	level=INFO  msg="Adding handler" handler_name=fanout-mahjongStruct.GameStateUpdated topic=mahjongStruct.GameStateUpdated 
[watermill] 2024/09/15 17:50:12.732403 router.go:402: 	level=INFO  msg="Running router handlers" count=1 
[watermill] 2024/09/15 17:50:12.732535 router.go:402: 	level=INFO  msg="Running router handlers" count=1 
[watermill] 2024/09/15 17:50:12.732719 schema.go:28: 	level=INFO  msg="Initializing subscriber schema" query="[CREATE TABLE IF NOT EXISTS `watermill_mahjongStruct.GameStateUpdated` (
`offset` BIGINT NOT NULL AUTO_INCREMENT PRIMARY KEY,
`uuid` VARCHAR(36) NOT NULL,
`created_at` TIMESTAMP NOT NULL DEFAULT CURRENT_TIMESTAMP,
`payload` JSON DEFAULT NULL,
`metadata` JSON DEFAULT NULL
);  
				CREATE TABLE IF NOT EXISTS `watermill_offsets_mahjongStruct.GameStateUpdated` (
				consumer_group VARCHAR(255) NOT NULL,
				offset_acked BIGINT,
				offset_consumed BIGINT NOT NULL,
				PRIMARY KEY(consumer_group)
			) ]" subscriber_id=01J7THE1QWJD3TPV3EPS91EQZM 
[watermill] 2024/09/15 17:50:12.732722 schema.go:28: 	level=INFO  msg="Initializing subscriber schema" query="[CREATE TABLE IF NOT EXISTS `watermill_mahjongStruct.GameUpdated` (
`offset` BIGINT NOT NULL AUTO_INCREMENT PRIMARY KEY,
`uuid` VARCHAR(36) NOT NULL,
`created_at` TIMESTAMP NOT NULL DEFAULT CURRENT_TIMESTAMP,
`payload` JSON DEFAULT NULL,
`metadata` JSON DEFAULT NULL
);  
				CREATE TABLE IF NOT EXISTS `watermill_offsets_mahjongStruct.GameUpdated` (
				consumer_group VARCHAR(255) NOT NULL,
				offset_acked BIGINT,
				offset_consumed BIGINT NOT NULL,
				PRIMARY KEY(consumer_group)
			) ]" subscriber_id=01J7THE1QVSDXR8AWA24Z33YPK 
[watermill] 2024/09/15 17:50:12.788110 router.go:606: 	level=INFO  msg="Starting handler" subscriber_name=fanout-mahjongStruct.GameStateUpdated topic=mahjongStruct.GameStateUpdated 
[watermill] 2024/09/15 17:50:12.789446 router.go:606: 	level=INFO  msg="Starting handler" subscriber_name=UpdateGame topic=mahjongStruct.GameUpdated 
time="2024-09-15T17:50:13+08:00" level=info msg="sending InitStreamResponse"
[watermill] 2024/09/15 18:24:57.397961 router.go:268: 	level=INFO  msg="Adding handler" handler_name=UpdateGame topic=mahjongStruct.GameUpdated 
[watermill] 2024/09/15 18:24:57.398166 router.go:268: 	level=INFO  msg="Adding handler" handler_name=fanout-mahjongStruct.GameStateUpdated topic=mahjongStruct.GameStateUpdated 
[watermill] 2024/09/15 18:24:57.398202 router.go:402: 	level=INFO  msg="Running router handlers" count=1 
[watermill] 2024/09/15 18:24:57.398299 router.go:402: 	level=INFO  msg="Running router handlers" count=1 
[watermill] 2024/09/15 18:24:57.398334 schema.go:28: 	level=INFO  msg="Initializing subscriber schema" query="[CREATE TABLE IF NOT EXISTS `watermill_mahjongStruct.GameUpdated` (
`offset` BIGINT NOT NULL AUTO_INCREMENT PRIMARY KEY,
`uuid` VARCHAR(36) NOT NULL,
`created_at` TIMESTAMP NOT NULL DEFAULT CURRENT_TIMESTAMP,
`payload` JSON DEFAULT NULL,
`metadata` JSON DEFAULT NULL
);  
				CREATE TABLE IF NOT EXISTS `watermill_offsets_mahjongStruct.GameUpdated` (
				consumer_group VARCHAR(255) NOT NULL,
				offset_acked BIGINT,
				offset_consumed BIGINT NOT NULL,
				PRIMARY KEY(consumer_group)
			) ]" subscriber_id=01J7TKDNHNJXA3D9B0T6E6SBT3 
[watermill] 2024/09/15 18:24:57.398375 schema.go:28: 	level=INFO  msg="Initializing subscriber schema" query="[CREATE TABLE IF NOT EXISTS `watermill_mahjongStruct.GameStateUpdated` (
`offset` BIGINT NOT NULL AUTO_INCREMENT PRIMARY KEY,
`uuid` VARCHAR(36) NOT NULL,
`created_at` TIMESTAMP NOT NULL DEFAULT CURRENT_TIMESTAMP,
`payload` JSON DEFAULT NULL,
`metadata` JSON DEFAULT NULL
);  
				CREATE TABLE IF NOT EXISTS `watermill_offsets_mahjongStruct.GameStateUpdated` (
				consumer_group VARCHAR(255) NOT NULL,
				offset_acked BIGINT,
				offset_consumed BIGINT NOT NULL,
				PRIMARY KEY(consumer_group)
			) ]" subscriber_id=01J7TKDNHP607E3SJPCRG24WH0 
[watermill] 2024/09/15 18:24:57.422835 router.go:606: 	level=INFO  msg="Starting handler" subscriber_name=fanout-mahjongStruct.GameStateUpdated topic=mahjongStruct.GameStateUpdated 
[watermill] 2024/09/15 18:24:57.424969 router.go:606: 	level=INFO  msg="Starting handler" subscriber_name=UpdateGame topic=mahjongStruct.GameUpdated 
time="2024-09-15T18:25:01+08:00" level=info msg="sending InitStreamResponse"
time="2024-09-15T18:25:13+08:00" level=error msg="code=404, message=Not Found"
[watermill] 2024/09/15 18:27:55.984578 router.go:268: 	level=INFO  msg="Adding handler" handler_name=UpdateGame topic=mahjongStruct.GameUpdated 
[watermill] 2024/09/15 18:27:55.984768 router.go:268: 	level=INFO  msg="Adding handler" handler_name=fanout-mahjongStruct.GameStateUpdated topic=mahjongStruct.GameStateUpdated 
[watermill] 2024/09/15 18:27:55.984827 router.go:402: 	level=INFO  msg="Running router handlers" count=1 
[watermill] 2024/09/15 18:27:55.984872 router.go:402: 	level=INFO  msg="Running router handlers" count=1 
[watermill] 2024/09/15 18:27:55.984963 schema.go:28: 	level=INFO  msg="Initializing subscriber schema" query="[CREATE TABLE IF NOT EXISTS `watermill_mahjongStruct.GameUpdated` (
`offset` BIGINT NOT NULL AUTO_INCREMENT PRIMARY KEY,
`uuid` VARCHAR(36) NOT NULL,
`created_at` TIMESTAMP NOT NULL DEFAULT CURRENT_TIMESTAMP,
`payload` JSON DEFAULT NULL,
`metadata` JSON DEFAULT NULL
);  
				CREATE TABLE IF NOT EXISTS `watermill_offsets_mahjongStruct.GameUpdated` (
				consumer_group VARCHAR(255) NOT NULL,
				offset_acked BIGINT,
				offset_consumed BIGINT NOT NULL,
				PRIMARY KEY(consumer_group)
			) ]" subscriber_id=01J7TKK3YGG7FCD6XDZ7E1P3K8 
[watermill] 2024/09/15 18:27:55.984964 schema.go:28: 	level=INFO  msg="Initializing subscriber schema" query="[CREATE TABLE IF NOT EXISTS `watermill_mahjongStruct.GameStateUpdated` (
`offset` BIGINT NOT NULL AUTO_INCREMENT PRIMARY KEY,
`uuid` VARCHAR(36) NOT NULL,
`created_at` TIMESTAMP NOT NULL DEFAULT CURRENT_TIMESTAMP,
`payload` JSON DEFAULT NULL,
`metadata` JSON DEFAULT NULL
);  
				CREATE TABLE IF NOT EXISTS `watermill_offsets_mahjongStruct.GameStateUpdated` (
				consumer_group VARCHAR(255) NOT NULL,
				offset_acked BIGINT,
				offset_consumed BIGINT NOT NULL,
				PRIMARY KEY(consumer_group)
			) ]" subscriber_id=01J7TKK3YGKDX5TA1AJGADV6PE 
[watermill] 2024/09/15 18:27:56.000158 router.go:606: 	level=INFO  msg="Starting handler" subscriber_name=UpdateGame topic=mahjongStruct.GameUpdated 
[watermill] 2024/09/15 18:27:56.001477 router.go:606: 	level=INFO  msg="Starting handler" subscriber_name=fanout-mahjongStruct.GameStateUpdated topic=mahjongStruct.GameStateUpdated 
time="2024-09-15T18:27:58+08:00" level=error msg="code=404, message=Not Found"
[watermill] 2024/09/15 18:29:57.589347 router.go:268: 	level=INFO  msg="Adding handler" handler_name=UpdateGame topic=mahjongStruct.GameUpdated 
[watermill] 2024/09/15 18:29:57.589572 router.go:268: 	level=INFO  msg="Adding handler" handler_name=fanout-mahjongStruct.GameStateUpdated topic=mahjongStruct.GameStateUpdated 
[watermill] 2024/09/15 18:29:57.589596 router.go:402: 	level=INFO  msg="Running router handlers" count=1 
[watermill] 2024/09/15 18:29:57.589704 schema.go:28: 	level=INFO  msg="Initializing subscriber schema" query="[CREATE TABLE IF NOT EXISTS `watermill_mahjongStruct.GameUpdated` (
`offset` BIGINT NOT NULL AUTO_INCREMENT PRIMARY KEY,
`uuid` VARCHAR(36) NOT NULL,
`created_at` TIMESTAMP NOT NULL DEFAULT CURRENT_TIMESTAMP,
`payload` JSON DEFAULT NULL,
`metadata` JSON DEFAULT NULL
);  
				CREATE TABLE IF NOT EXISTS `watermill_offsets_mahjongStruct.GameUpdated` (
				consumer_group VARCHAR(255) NOT NULL,
				offset_acked BIGINT,
				offset_consumed BIGINT NOT NULL,
				PRIMARY KEY(consumer_group)
			) ]" subscriber_id=01J7TKPTPNX6DMEV80Q6482H10 
[watermill] 2024/09/15 18:29:57.589704 router.go:402: 	level=INFO  msg="Running router handlers" count=1 
[watermill] 2024/09/15 18:29:57.589853 schema.go:28: 	level=INFO  msg="Initializing subscriber schema" query="[CREATE TABLE IF NOT EXISTS `watermill_mahjongStruct.GameStateUpdated` (
`offset` BIGINT NOT NULL AUTO_INCREMENT PRIMARY KEY,
`uuid` VARCHAR(36) NOT NULL,
`created_at` TIMESTAMP NOT NULL DEFAULT CURRENT_TIMESTAMP,
`payload` JSON DEFAULT NULL,
`metadata` JSON DEFAULT NULL
);  
				CREATE TABLE IF NOT EXISTS `watermill_offsets_mahjongStruct.GameStateUpdated` (
				consumer_group VARCHAR(255) NOT NULL,
				offset_acked BIGINT,
				offset_consumed BIGINT NOT NULL,
				PRIMARY KEY(consumer_group)
			) ]" subscriber_id=01J7TKPTPN5DR6NFTV5QASZ85G 
[watermill] 2024/09/15 18:29:57.603951 router.go:606: 	level=INFO  msg="Starting handler" subscriber_name=fanout-mahjongStruct.GameStateUpdated topic=mahjongStruct.GameStateUpdated 
[watermill] 2024/09/15 18:29:57.610243 router.go:606: 	level=INFO  msg="Starting handler" subscriber_name=UpdateGame topic=mahjongStruct.GameUpdated 
[watermill] 2024/09/15 18:32:00.839806 router.go:268: 	level=INFO  msg="Adding handler" handler_name=UpdateGame topic=mahjongStruct.GameUpdated 
[watermill] 2024/09/15 18:32:00.839942 router.go:268: 	level=INFO  msg="Adding handler" handler_name=fanout-mahjongStruct.GameStateUpdated topic=mahjongStruct.GameStateUpdated 
[watermill] 2024/09/15 18:32:00.839974 router.go:402: 	level=INFO  msg="Running router handlers" count=1 
[watermill] 2024/09/15 18:32:00.840010 router.go:402: 	level=INFO  msg="Running router handlers" count=1 
[watermill] 2024/09/15 18:32:00.840071 schema.go:28: 	level=INFO  msg="Initializing subscriber schema" query="[CREATE TABLE IF NOT EXISTS `watermill_mahjongStruct.GameUpdated` (
`offset` BIGINT NOT NULL AUTO_INCREMENT PRIMARY KEY,
`uuid` VARCHAR(36) NOT NULL,
`created_at` TIMESTAMP NOT NULL DEFAULT CURRENT_TIMESTAMP,
`payload` JSON DEFAULT NULL,
`metadata` JSON DEFAULT NULL
);  
				CREATE TABLE IF NOT EXISTS `watermill_offsets_mahjongStruct.GameUpdated` (
				consumer_group VARCHAR(255) NOT NULL,
				offset_acked BIGINT,
				offset_consumed BIGINT NOT NULL,
				PRIMARY KEY(consumer_group)
			) ]" subscriber_id=01J7TKTK27RPEVK7P6WSMCHTM2 
[watermill] 2024/09/15 18:32:00.840081 schema.go:28: 	level=INFO  msg="Initializing subscriber schema" query="[CREATE TABLE IF NOT EXISTS `watermill_mahjongStruct.GameStateUpdated` (
`offset` BIGINT NOT NULL AUTO_INCREMENT PRIMARY KEY,
`uuid` VARCHAR(36) NOT NULL,
`created_at` TIMESTAMP NOT NULL DEFAULT CURRENT_TIMESTAMP,
`payload` JSON DEFAULT NULL,
`metadata` JSON DEFAULT NULL
);  
				CREATE TABLE IF NOT EXISTS `watermill_offsets_mahjongStruct.GameStateUpdated` (
				consumer_group VARCHAR(255) NOT NULL,
				offset_acked BIGINT,
				offset_consumed BIGINT NOT NULL,
				PRIMARY KEY(consumer_group)
			) ]" subscriber_id=01J7TKTK273GYZK7CGWVDEXBY2 
[watermill] 2024/09/15 18:32:00.868511 router.go:606: 	level=INFO  msg="Starting handler" subscriber_name=fanout-mahjongStruct.GameStateUpdated topic=mahjongStruct.GameStateUpdated 
[watermill] 2024/09/15 18:32:00.868512 router.go:606: 	level=INFO  msg="Starting handler" subscriber_name=UpdateGame topic=mahjongStruct.GameUpdated 
[watermill] 2024/09/15 18:32:48.659275 router.go:268: 	level=INFO  msg="Adding handler" handler_name=UpdateGame topic=mahjongStruct.GameUpdated 
[watermill] 2024/09/15 18:32:48.659413 router.go:268: 	level=INFO  msg="Adding handler" handler_name=fanout-mahjongStruct.GameStateUpdated topic=mahjongStruct.GameStateUpdated 
[watermill] 2024/09/15 18:32:48.659453 router.go:402: 	level=INFO  msg="Running router handlers" count=1 
[watermill] 2024/09/15 18:32:48.659482 router.go:402: 	level=INFO  msg="Running router handlers" count=1 
[watermill] 2024/09/15 18:32:48.659558 schema.go:28: 	level=INFO  msg="Initializing subscriber schema" query="[CREATE TABLE IF NOT EXISTS `watermill_mahjongStruct.GameStateUpdated` (
`offset` BIGINT NOT NULL AUTO_INCREMENT PRIMARY KEY,
`uuid` VARCHAR(36) NOT NULL,
`created_at` TIMESTAMP NOT NULL DEFAULT CURRENT_TIMESTAMP,
`payload` JSON DEFAULT NULL,
`metadata` JSON DEFAULT NULL
);  
				CREATE TABLE IF NOT EXISTS `watermill_offsets_mahjongStruct.GameStateUpdated` (
				consumer_group VARCHAR(255) NOT NULL,
				offset_acked BIGINT,
				offset_consumed BIGINT NOT NULL,
				PRIMARY KEY(consumer_group)
			) ]" subscriber_id=01J7TKW1RKP1SF5PTFF46BTF33 
[watermill] 2024/09/15 18:32:48.659562 schema.go:28: 	level=INFO  msg="Initializing subscriber schema" query="[CREATE TABLE IF NOT EXISTS `watermill_mahjongStruct.GameUpdated` (
`offset` BIGINT NOT NULL AUTO_INCREMENT PRIMARY KEY,
`uuid` VARCHAR(36) NOT NULL,
`created_at` TIMESTAMP NOT NULL DEFAULT CURRENT_TIMESTAMP,
`payload` JSON DEFAULT NULL,
`metadata` JSON DEFAULT NULL
);  
				CREATE TABLE IF NOT EXISTS `watermill_offsets_mahjongStruct.GameUpdated` (
				consumer_group VARCHAR(255) NOT NULL,
				offset_acked BIGINT,
				offset_consumed BIGINT NOT NULL,
				PRIMARY KEY(consumer_group)
			) ]" subscriber_id=01J7TKW1RK92733NP2H5QQHZJK 
[watermill] 2024/09/15 18:32:48.691560 router.go:606: 	level=INFO  msg="Starting handler" subscriber_name=fanout-mahjongStruct.GameStateUpdated topic=mahjongStruct.GameStateUpdated 
[watermill] 2024/09/15 18:32:48.691610 router.go:606: 	level=INFO  msg="Starting handler" subscriber_name=UpdateGame topic=mahjongStruct.GameUpdated 
[watermill] 2024/09/15 18:32:53.903080 router.go:268: 	level=INFO  msg="Adding handler" handler_name=UpdateGame topic=mahjongStruct.GameUpdated 
[watermill] 2024/09/15 18:32:53.903225 router.go:268: 	level=INFO  msg="Adding handler" handler_name=fanout-mahjongStruct.GameStateUpdated topic=mahjongStruct.GameStateUpdated 
[watermill] 2024/09/15 18:32:53.903282 router.go:402: 	level=INFO  msg="Running router handlers" count=1 
[watermill] 2024/09/15 18:32:53.903336 router.go:402: 	level=INFO  msg="Running router handlers" count=1 
[watermill] 2024/09/15 18:32:53.903406 schema.go:28: 	level=INFO  msg="Initializing subscriber schema" query="[CREATE TABLE IF NOT EXISTS `watermill_mahjongStruct.GameUpdated` (
`offset` BIGINT NOT NULL AUTO_INCREMENT PRIMARY KEY,
`uuid` VARCHAR(36) NOT NULL,
`created_at` TIMESTAMP NOT NULL DEFAULT CURRENT_TIMESTAMP,
`payload` JSON DEFAULT NULL,
`metadata` JSON DEFAULT NULL
);  
				CREATE TABLE IF NOT EXISTS `watermill_offsets_mahjongStruct.GameUpdated` (
				consumer_group VARCHAR(255) NOT NULL,
				offset_acked BIGINT,
				offset_consumed BIGINT NOT NULL,
				PRIMARY KEY(consumer_group)
			) ]" subscriber_id=01J7TKW6WFFJJ2VTD0VZCNGFV9 
[watermill] 2024/09/15 18:32:53.903413 schema.go:28: 	level=INFO  msg="Initializing subscriber schema" query="[CREATE TABLE IF NOT EXISTS `watermill_mahjongStruct.GameStateUpdated` (
`offset` BIGINT NOT NULL AUTO_INCREMENT PRIMARY KEY,
`uuid` VARCHAR(36) NOT NULL,
`created_at` TIMESTAMP NOT NULL DEFAULT CURRENT_TIMESTAMP,
`payload` JSON DEFAULT NULL,
`metadata` JSON DEFAULT NULL
);  
				CREATE TABLE IF NOT EXISTS `watermill_offsets_mahjongStruct.GameStateUpdated` (
				consumer_group VARCHAR(255) NOT NULL,
				offset_acked BIGINT,
				offset_consumed BIGINT NOT NULL,
				PRIMARY KEY(consumer_group)
			) ]" subscriber_id=01J7TKW6WF0374YTMQRNZA27AQ 
[watermill] 2024/09/15 18:32:53.917800 router.go:606: 	level=INFO  msg="Starting handler" subscriber_name=UpdateGame topic=mahjongStruct.GameUpdated 
[watermill] 2024/09/15 18:32:53.919575 router.go:606: 	level=INFO  msg="Starting handler" subscriber_name=fanout-mahjongStruct.GameStateUpdated topic=mahjongStruct.GameStateUpdated 
time="2024-09-15T18:32:55+08:00" level=error msg="code=404, message=Not Found"
time="2024-09-15T18:32:57+08:00" level=info msg="sending InitStreamResponse"
time="2024-09-15T18:32:58+08:00" level=error msg="code=404, message=Not Found"
[watermill] 2024/09/15 18:34:05.521021 router.go:268: 	level=INFO  msg="Adding handler" handler_name=UpdateGame topic=mahjongStruct.GameUpdated 
[watermill] 2024/09/15 18:34:05.521227 router.go:268: 	level=INFO  msg="Adding handler" handler_name=fanout-mahjongStruct.GameStateUpdated topic=mahjongStruct.GameStateUpdated 
[watermill] 2024/09/15 18:34:05.521292 router.go:402: 	level=INFO  msg="Running router handlers" count=1 
[watermill] 2024/09/15 18:34:05.521329 router.go:402: 	level=INFO  msg="Running router handlers" count=1 
[watermill] 2024/09/15 18:34:05.521423 schema.go:28: 	level=INFO  msg="Initializing subscriber schema" query="[CREATE TABLE IF NOT EXISTS `watermill_mahjongStruct.GameStateUpdated` (
`offset` BIGINT NOT NULL AUTO_INCREMENT PRIMARY KEY,
`uuid` VARCHAR(36) NOT NULL,
`created_at` TIMESTAMP NOT NULL DEFAULT CURRENT_TIMESTAMP,
`payload` JSON DEFAULT NULL,
`metadata` JSON DEFAULT NULL
);  
				CREATE TABLE IF NOT EXISTS `watermill_offsets_mahjongStruct.GameStateUpdated` (
				consumer_group VARCHAR(255) NOT NULL,
				offset_acked BIGINT,
				offset_consumed BIGINT NOT NULL,
				PRIMARY KEY(consumer_group)
			) ]" subscriber_id=01J7TKYCTHKPCMT3EJXXQ5SVWE 
[watermill] 2024/09/15 18:34:05.521430 schema.go:28: 	level=INFO  msg="Initializing subscriber schema" query="[CREATE TABLE IF NOT EXISTS `watermill_mahjongStruct.GameUpdated` (
`offset` BIGINT NOT NULL AUTO_INCREMENT PRIMARY KEY,
`uuid` VARCHAR(36) NOT NULL,
`created_at` TIMESTAMP NOT NULL DEFAULT CURRENT_TIMESTAMP,
`payload` JSON DEFAULT NULL,
`metadata` JSON DEFAULT NULL
);  
				CREATE TABLE IF NOT EXISTS `watermill_offsets_mahjongStruct.GameUpdated` (
				consumer_group VARCHAR(255) NOT NULL,
				offset_acked BIGINT,
				offset_consumed BIGINT NOT NULL,
				PRIMARY KEY(consumer_group)
			) ]" subscriber_id=01J7TKYCTG9CNVEBB56VSGQKMY 
[watermill] 2024/09/15 18:34:05.537178 router.go:606: 	level=INFO  msg="Starting handler" subscriber_name=fanout-mahjongStruct.GameStateUpdated topic=mahjongStruct.GameStateUpdated 
[watermill] 2024/09/15 18:34:05.539920 router.go:606: 	level=INFO  msg="Starting handler" subscriber_name=UpdateGame topic=mahjongStruct.GameUpdated 
time="2024-09-15T18:34:06+08:00" level=info msg="sending InitStreamResponse"
time="2024-09-15T18:34:06+08:00" level=error msg="code=404, message=Not Found"
